<?xml version="1.0" encoding="UTF-8"?>
<testng-results ignored="0" total="1" passed="1" failed="0" skipped="0">
  <reporter-output>
  </reporter-output>
  <suite started-at="2024-11-18T10:24:30 IST" name="Default suite" finished-at="2024-11-18T10:24:30 IST" duration-ms="84">
    <groups>
    </groups>
    <test started-at="2024-11-18T10:24:30 IST" name="Default test" finished-at="2024-11-18T10:24:30 IST" duration-ms="84">
      <class name="Sample.Tc_01">
        <test-method signature="add()[pri:0, instance:Sample.Tc_01@3f6b0be5]" started-at="2024-11-18T10:24:30 IST" name="add" finished-at="2024-11-18T10:24:30 IST" duration-ms="15" status="PASS">
          <reporter-output>
          </reporter-output>
        </test-method> <!-- add -->
      </class> <!-- Sample.Tc_01 -->
    </test> <!-- Default test -->
  </suite> <!-- Default suite -->
</testng-results>
